<?xml version="1.0" encoding="UTF-8"?>
<!-- Generated by org.testng.reporters.JUnitReportReporter -->
<testsuite hostname="NLPULTP8105079" failures="0" tests="1" name="SumValidation" time="0.947" errors="0" timestamp="2023-01-04T18:04:14 IST" skipped="0">
  <testcase classname="SumValidation" name="sumOfCourse" time="0.947"/>
  <system-out/>
</testsuite> <!-- SumValidation -->
